<?xml version="1.0" encoding="UTF-8"?>
<testsuite xmlns:xsi="http://www.w3.org/2001/XMLSchema-instance" xsi:noNamespaceSchemaLocation="https://maven.apache.org/surefire/maven-surefire-plugin/xsd/surefire-test-report.xsd" version="3.0.2" name="edu.ucsb.cs156.spring.hello.HelloControllerTest" time="0.291" tests="4" errors="0" skipped="0" failures="0">
  <properties>
[...]
</properties>
  <testcase name="hello_cn_page_has_expected_content" classname="edu.ucsb.cs156.spring.hello.HelloControllerTest" time="0.051">
    <system-out><![CDATA[2024-10-03T14:12:48.114-07:00  INFO 31528 --- [           main] t.c.s.AnnotationConfigContextLoaderUtils : Could not detect default configuration classes for test class [edu.ucsb.cs156.spring.hello.HelloControllerTest]: HelloControllerTest does not declare any static, non-private, non-final, nested classes annotated with @Configuration.
2024-10-03T14:12:48.122-07:00  INFO 31528 --- [           main] .b.t.c.SpringBootTestContextBootstrapper : Found @SpringBootConfiguration edu.ucsb.cs156.spring.hello.Application for test class edu.ucsb.cs156.spring.hello.HelloControllerTest

  .   ____          _            __ _ _
 /\\ / ___'_ __ _ _(_)_ __  __ _ \ \ \ \
( ( )\___ | '_ | '_| | '_ \/ _` | \ \ \ \
 \\/  ___)| |_)| | | | | || (_| |  ) ) ) )
  '  |____| .__|_| |_|_| |_\__, | / / / /
 =========|_|==============|___/=/_/_/_/
 :: Spring Boot ::                (v3.1.1)

2024-10-03T14:12:48.142-07:00  INFO 31528 --- [           main] e.u.c.spring.hello.HelloControllerTest   : Starting HelloControllerTest using Java 21.0.4 with PID 31528 (started by pconrad in /Users/pconrad/github/ucsb-cs156-f24/STARTER-jpa01)
2024-10-03T14:12:48.142-07:00  INFO 31528 --- [           main] e.u.c.spring.hello.HelloControllerTest   : No active profile set, falling back to 1 default profile: "default"
2024-10-03T14:12:48.317-07:00  INFO 31528 --- [           main] o.s.b.t.m.w.SpringBootMockServletContext : Initializing Spring TestDispatcherServlet ''
2024-10-03T14:12:48.317-07:00  INFO 31528 --- [           main] o.s.t.web.servlet.TestDispatcherServlet  : Initializing Servlet ''
2024-10-03T14:12:48.319-07:00  INFO 31528 --- [           main] o.s.b.a.e.web.EndpointLinksResolver      : Exposing 1 endpoint(s) beneath base path '/actuator'
2024-10-03T14:12:48.320-07:00  INFO 31528 --- [           main] o.s.t.web.servlet.TestDispatcherServlet  : Completed initialization in 3 ms
2024-10-03T14:12:48.330-07:00  INFO 31528 --- [           main] e.u.c.spring.hello.HelloControllerTest   : Started HelloControllerTest in 0.199 seconds (process running for 3.23)
]]></system-out>
  </testcase>
  <testcase name="hello_es_page_has_expected_content" classname="edu.ucsb.cs156.spring.hello.HelloControllerTest" time="0.003"/>
  <testcase name="home_page_has_expected_content" classname="edu.ucsb.cs156.spring.hello.HelloControllerTest" time="0.002"/>
  <testcase name="hello_fr_page_has_expected_content" classname="edu.ucsb.cs156.spring.hello.HelloControllerTest" time="0.002"/>
</testsuite>